
2020-01-20 16:54:07 INFO  InjectInitializer:15 - Dependency injection started
2020-01-20 19:48:11 INFO  InjectInitializer:15 - Dependency injection started
2020-01-21 16:06:39 INFO  InjectInitializer:15 - Dependency injection started
2020-01-21 16:07:08 INFO  ItemDaoJdbcImpl:72 - 1 row(s) was effected
2020-01-21 16:08:57 INFO  ItemDaoJdbcImpl:72 - 1 row(s) was effected
2020-01-21 16:10:40 INFO  InjectInitializer:15 - Dependency injection started
2020-01-21 16:11:21 INFO  ItemDaoJdbcImpl:72 - 1 row(s) was effected
2020-01-21 16:16:40 INFO  ItemDaoJdbcImpl:72 - 1 row(s) was effected
2020-01-21 16:16:44 INFO  ItemDaoJdbcImpl:72 - 1 row(s) was effected
2020-01-21 16:18:14 INFO  ItemDaoJdbcImpl:72 - 1 row(s) was effected
2020-01-21 17:23:22 INFO  InjectInitializer:15 - Dependency injection started
2020-01-21 17:23:29 WARN  ItemDaoJdbcImpl:64 - Can't find item with id = 1
2020-01-21 17:24:40 INFO  InjectInitializer:15 - Dependency injection started
2020-01-21 17:25:03 WARN  ItemDaoJdbcImpl:64 - Can't find item with id = 1
2020-01-21 19:20:07 INFO  InjectInitializer:15 - Dependency injection started
2020-01-21 19:20:17 WARN  ItemDaoJdbcImpl:64 - Can't find item with id = 1
2020-01-21 19:34:16 INFO  InjectInitializer:15 - Dependency injection started
2020-01-21 19:34:31 WARN  ItemDaoJdbcImpl:64 - Can't find item with id = 1
2020-01-21 19:56:38 ERROR ItemDaoJdbcImpl:35 - Can't connect to DB create(Item item) in ItemDaoJdbcImpl
java.sql.SQLException: Column count doesn't match value count at row 1
	at com.mysql.cj.jdbc.exceptions.SQLError.createSQLException(SQLError.java:129)
	at com.mysql.cj.jdbc.exceptions.SQLError.createSQLException(SQLError.java:97)
	at com.mysql.cj.jdbc.exceptions.SQLExceptionsMapping.translateException(SQLExceptionsMapping.java:122)
	at com.mysql.cj.jdbc.StatementImpl.executeUpdateInternal(StatementImpl.java:1335)
	at com.mysql.cj.jdbc.StatementImpl.executeLargeUpdate(StatementImpl.java:2108)
	at com.mysql.cj.jdbc.StatementImpl.executeUpdate(StatementImpl.java:1245)
	at mate.academy.internetshop.dao.jdbc.ItemDaoJdbcImpl.create(ItemDaoJdbcImpl.java:32)
	at mate.academy.internetshop.service.dao.ItemServiceImpl.create(ItemServiceImpl.java:20)
	at mate.academy.internetshop.controller.AddItemController.doPost(AddItemController.java:29)
	at javax.servlet.http.HttpServlet.service(HttpServlet.java:660)
	at javax.servlet.http.HttpServlet.service(HttpServlet.java:741)
	at org.apache.catalina.core.ApplicationFilterChain.internalDoFilter(ApplicationFilterChain.java:231)
	at org.apache.catalina.core.ApplicationFilterChain.doFilter(ApplicationFilterChain.java:166)
	at org.apache.tomcat.websocket.server.WsFilter.doFilter(WsFilter.java:53)
	at org.apache.catalina.core.ApplicationFilterChain.internalDoFilter(ApplicationFilterChain.java:193)
	at org.apache.catalina.core.ApplicationFilterChain.doFilter(ApplicationFilterChain.java:166)
	at mate.academy.internetshop.web.filters.AuthorizationFilter.procesAuthentificaded(AuthorizationFilter.java:95)
	at mate.academy.internetshop.web.filters.AuthorizationFilter.doFilter(AuthorizationFilter.java:71)
	at org.apache.catalina.core.ApplicationFilterChain.internalDoFilter(ApplicationFilterChain.java:193)
	at org.apache.catalina.core.ApplicationFilterChain.doFilter(ApplicationFilterChain.java:166)
	at mate.academy.internetshop.web.filters.AuthenticationFilter.doFilter(AuthenticationFilter.java:44)
	at org.apache.catalina.core.ApplicationFilterChain.internalDoFilter(ApplicationFilterChain.java:193)
	at org.apache.catalina.core.ApplicationFilterChain.doFilter(ApplicationFilterChain.java:166)
	at org.apache.catalina.core.StandardWrapperValve.invoke(StandardWrapperValve.java:202)
	at org.apache.catalina.core.StandardContextValve.invoke(StandardContextValve.java:96)
	at org.apache.catalina.authenticator.AuthenticatorBase.invoke(AuthenticatorBase.java:541)
	at org.apache.catalina.core.StandardHostValve.invoke(StandardHostValve.java:139)
	at org.apache.catalina.valves.ErrorReportValve.invoke(ErrorReportValve.java:92)
	at org.apache.catalina.valves.AbstractAccessLogValve.invoke(AbstractAccessLogValve.java:678)
	at org.apache.catalina.core.StandardEngineValve.invoke(StandardEngineValve.java:74)
	at org.apache.catalina.connector.CoyoteAdapter.service(CoyoteAdapter.java:343)
	at org.apache.coyote.http11.Http11Processor.service(Http11Processor.java:367)
	at org.apache.coyote.AbstractProcessorLight.process(AbstractProcessorLight.java:65)
	at org.apache.coyote.AbstractProtocol$ConnectionHandler.process(AbstractProtocol.java:860)
	at org.apache.tomcat.util.net.NioEndpoint$SocketProcessor.doRun(NioEndpoint.java:1598)
	at org.apache.tomcat.util.net.SocketProcessorBase.run(SocketProcessorBase.java:49)
	at java.base/java.util.concurrent.ThreadPoolExecutor.runWorker(ThreadPoolExecutor.java:1128)
	at java.base/java.util.concurrent.ThreadPoolExecutor$Worker.run(ThreadPoolExecutor.java:628)
	at org.apache.tomcat.util.threads.TaskThread$WrappingRunnable.run(TaskThread.java:61)
	at java.base/java.lang.Thread.run(Thread.java:834)
2020-01-21 19:59:49 ERROR ItemDaoJdbcImpl:35 - Can't connect to DB create(Item item) in ItemDaoJdbcImpl
java.sql.SQLException: Column count doesn't match value count at row 1
	at com.mysql.cj.jdbc.exceptions.SQLError.createSQLException(SQLError.java:129)
	at com.mysql.cj.jdbc.exceptions.SQLError.createSQLException(SQLError.java:97)
	at com.mysql.cj.jdbc.exceptions.SQLExceptionsMapping.translateException(SQLExceptionsMapping.java:122)
	at com.mysql.cj.jdbc.StatementImpl.executeUpdateInternal(StatementImpl.java:1335)
	at com.mysql.cj.jdbc.StatementImpl.executeLargeUpdate(StatementImpl.java:2108)
	at com.mysql.cj.jdbc.StatementImpl.executeUpdate(StatementImpl.java:1245)
	at mate.academy.internetshop.dao.jdbc.ItemDaoJdbcImpl.create(ItemDaoJdbcImpl.java:32)
	at mate.academy.internetshop.service.dao.ItemServiceImpl.create(ItemServiceImpl.java:20)
	at mate.academy.internetshop.controller.AddItemController.doPost(AddItemController.java:29)
	at javax.servlet.http.HttpServlet.service(HttpServlet.java:660)
	at javax.servlet.http.HttpServlet.service(HttpServlet.java:741)
	at org.apache.catalina.core.ApplicationFilterChain.internalDoFilter(ApplicationFilterChain.java:231)
	at org.apache.catalina.core.ApplicationFilterChain.doFilter(ApplicationFilterChain.java:166)
	at org.apache.tomcat.websocket.server.WsFilter.doFilter(WsFilter.java:53)
	at org.apache.catalina.core.ApplicationFilterChain.internalDoFilter(ApplicationFilterChain.java:193)
	at org.apache.catalina.core.ApplicationFilterChain.doFilter(ApplicationFilterChain.java:166)
	at mate.academy.internetshop.web.filters.AuthorizationFilter.procesAuthentificaded(AuthorizationFilter.java:95)
	at mate.academy.internetshop.web.filters.AuthorizationFilter.doFilter(AuthorizationFilter.java:71)
	at org.apache.catalina.core.ApplicationFilterChain.internalDoFilter(ApplicationFilterChain.java:193)
	at org.apache.catalina.core.ApplicationFilterChain.doFilter(ApplicationFilterChain.java:166)
	at mate.academy.internetshop.web.filters.AuthenticationFilter.doFilter(AuthenticationFilter.java:44)
	at org.apache.catalina.core.ApplicationFilterChain.internalDoFilter(ApplicationFilterChain.java:193)
	at org.apache.catalina.core.ApplicationFilterChain.doFilter(ApplicationFilterChain.java:166)
	at org.apache.catalina.core.StandardWrapperValve.invoke(StandardWrapperValve.java:202)
	at org.apache.catalina.core.StandardContextValve.invoke(StandardContextValve.java:96)
	at org.apache.catalina.authenticator.AuthenticatorBase.invoke(AuthenticatorBase.java:541)
	at org.apache.catalina.core.StandardHostValve.invoke(StandardHostValve.java:139)
	at org.apache.catalina.valves.ErrorReportValve.invoke(ErrorReportValve.java:92)
	at org.apache.catalina.valves.AbstractAccessLogValve.invoke(AbstractAccessLogValve.java:678)
	at org.apache.catalina.core.StandardEngineValve.invoke(StandardEngineValve.java:74)
	at org.apache.catalina.connector.CoyoteAdapter.service(CoyoteAdapter.java:343)
	at org.apache.coyote.http11.Http11Processor.service(Http11Processor.java:367)
	at org.apache.coyote.AbstractProcessorLight.process(AbstractProcessorLight.java:65)
	at org.apache.coyote.AbstractProtocol$ConnectionHandler.process(AbstractProtocol.java:860)
	at org.apache.tomcat.util.net.NioEndpoint$SocketProcessor.doRun(NioEndpoint.java:1598)
	at org.apache.tomcat.util.net.SocketProcessorBase.run(SocketProcessorBase.java:49)
	at java.base/java.util.concurrent.ThreadPoolExecutor.runWorker(ThreadPoolExecutor.java:1128)
	at java.base/java.util.concurrent.ThreadPoolExecutor$Worker.run(ThreadPoolExecutor.java:628)
	at org.apache.tomcat.util.threads.TaskThread$WrappingRunnable.run(TaskThread.java:61)
	at java.base/java.lang.Thread.run(Thread.java:834)
2020-01-21 20:03:38 ERROR ItemDaoJdbcImpl:35 - Can't connect to DB create(Item item) in ItemDaoJdbcImpl
java.sql.SQLException: Column count doesn't match value count at row 1
	at com.mysql.cj.jdbc.exceptions.SQLError.createSQLException(SQLError.java:129)
	at com.mysql.cj.jdbc.exceptions.SQLError.createSQLException(SQLError.java:97)
	at com.mysql.cj.jdbc.exceptions.SQLExceptionsMapping.translateException(SQLExceptionsMapping.java:122)
	at com.mysql.cj.jdbc.StatementImpl.executeUpdateInternal(StatementImpl.java:1335)
	at com.mysql.cj.jdbc.StatementImpl.executeLargeUpdate(StatementImpl.java:2108)
	at com.mysql.cj.jdbc.StatementImpl.executeUpdate(StatementImpl.java:1245)
	at mate.academy.internetshop.dao.jdbc.ItemDaoJdbcImpl.create(Unknown Source)
	at mate.academy.internetshop.service.dao.ItemServiceImpl.create(ItemServiceImpl.java:20)
	at mate.academy.internetshop.controller.AddItemController.doPost(AddItemController.java:29)
	at javax.servlet.http.HttpServlet.service(HttpServlet.java:660)
	at javax.servlet.http.HttpServlet.service(HttpServlet.java:741)
	at org.apache.catalina.core.ApplicationFilterChain.internalDoFilter(ApplicationFilterChain.java:231)
	at org.apache.catalina.core.ApplicationFilterChain.doFilter(ApplicationFilterChain.java:166)
	at org.apache.tomcat.websocket.server.WsFilter.doFilter(WsFilter.java:53)
	at org.apache.catalina.core.ApplicationFilterChain.internalDoFilter(ApplicationFilterChain.java:193)
	at org.apache.catalina.core.ApplicationFilterChain.doFilter(ApplicationFilterChain.java:166)
	at mate.academy.internetshop.web.filters.AuthorizationFilter.procesAuthentificaded(AuthorizationFilter.java:95)
	at mate.academy.internetshop.web.filters.AuthorizationFilter.doFilter(AuthorizationFilter.java:71)
	at org.apache.catalina.core.ApplicationFilterChain.internalDoFilter(ApplicationFilterChain.java:193)
	at org.apache.catalina.core.ApplicationFilterChain.doFilter(ApplicationFilterChain.java:166)
	at mate.academy.internetshop.web.filters.AuthenticationFilter.doFilter(AuthenticationFilter.java:44)
	at org.apache.catalina.core.ApplicationFilterChain.internalDoFilter(ApplicationFilterChain.java:193)
	at org.apache.catalina.core.ApplicationFilterChain.doFilter(ApplicationFilterChain.java:166)
	at org.apache.catalina.core.StandardWrapperValve.invoke(StandardWrapperValve.java:202)
	at org.apache.catalina.core.StandardContextValve.invoke(StandardContextValve.java:96)
	at org.apache.catalina.authenticator.AuthenticatorBase.invoke(AuthenticatorBase.java:541)
	at org.apache.catalina.core.StandardHostValve.invoke(StandardHostValve.java:139)
	at org.apache.catalina.valves.ErrorReportValve.invoke(ErrorReportValve.java:92)
	at org.apache.catalina.valves.AbstractAccessLogValve.invoke(AbstractAccessLogValve.java:678)
	at org.apache.catalina.core.StandardEngineValve.invoke(StandardEngineValve.java:74)
	at org.apache.catalina.connector.CoyoteAdapter.service(CoyoteAdapter.java:343)
	at org.apache.coyote.http11.Http11Processor.service(Http11Processor.java:367)
	at org.apache.coyote.AbstractProcessorLight.process(AbstractProcessorLight.java:65)
	at org.apache.coyote.AbstractProtocol$ConnectionHandler.process(AbstractProtocol.java:860)
	at org.apache.tomcat.util.net.NioEndpoint$SocketProcessor.doRun(NioEndpoint.java:1598)
	at org.apache.tomcat.util.net.SocketProcessorBase.run(SocketProcessorBase.java:49)
	at java.base/java.util.concurrent.ThreadPoolExecutor.runWorker(ThreadPoolExecutor.java:1128)
	at java.base/java.util.concurrent.ThreadPoolExecutor$Worker.run(ThreadPoolExecutor.java:628)
	at org.apache.tomcat.util.threads.TaskThread$WrappingRunnable.run(TaskThread.java:61)
	at java.base/java.lang.Thread.run(Thread.java:834)
2020-01-21 20:03:57 INFO  InjectInitializer:15 - Dependency injection started
2020-01-21 20:04:15 WARN  ItemDaoJdbcImpl:69 - Can't find item with id = 1
2020-01-21 20:04:57 ERROR ItemDaoJdbcImpl:35 - Can't connect to DB create(Item item) in ItemDaoJdbcImpl
java.sql.SQLException: Column count doesn't match value count at row 1
	at com.mysql.cj.jdbc.exceptions.SQLError.createSQLException(SQLError.java:129)
	at com.mysql.cj.jdbc.exceptions.SQLError.createSQLException(SQLError.java:97)
	at com.mysql.cj.jdbc.exceptions.SQLExceptionsMapping.translateException(SQLExceptionsMapping.java:122)
	at com.mysql.cj.jdbc.StatementImpl.executeUpdateInternal(StatementImpl.java:1335)
	at com.mysql.cj.jdbc.StatementImpl.executeLargeUpdate(StatementImpl.java:2108)
	at com.mysql.cj.jdbc.StatementImpl.executeUpdate(StatementImpl.java:1245)
	at mate.academy.internetshop.dao.jdbc.ItemDaoJdbcImpl.create(ItemDaoJdbcImpl.java:32)
	at mate.academy.internetshop.service.dao.ItemServiceImpl.create(ItemServiceImpl.java:20)
	at mate.academy.internetshop.controller.AddItemController.doPost(AddItemController.java:29)
	at javax.servlet.http.HttpServlet.service(HttpServlet.java:660)
	at javax.servlet.http.HttpServlet.service(HttpServlet.java:741)
	at org.apache.catalina.core.ApplicationFilterChain.internalDoFilter(ApplicationFilterChain.java:231)
	at org.apache.catalina.core.ApplicationFilterChain.doFilter(ApplicationFilterChain.java:166)
	at org.apache.tomcat.websocket.server.WsFilter.doFilter(WsFilter.java:53)
	at org.apache.catalina.core.ApplicationFilterChain.internalDoFilter(ApplicationFilterChain.java:193)
	at org.apache.catalina.core.ApplicationFilterChain.doFilter(ApplicationFilterChain.java:166)
	at mate.academy.internetshop.web.filters.AuthorizationFilter.procesAuthentificaded(AuthorizationFilter.java:95)
	at mate.academy.internetshop.web.filters.AuthorizationFilter.doFilter(AuthorizationFilter.java:71)
	at org.apache.catalina.core.ApplicationFilterChain.internalDoFilter(ApplicationFilterChain.java:193)
	at org.apache.catalina.core.ApplicationFilterChain.doFilter(ApplicationFilterChain.java:166)
	at mate.academy.internetshop.web.filters.AuthenticationFilter.doFilter(AuthenticationFilter.java:44)
	at org.apache.catalina.core.ApplicationFilterChain.internalDoFilter(ApplicationFilterChain.java:193)
	at org.apache.catalina.core.ApplicationFilterChain.doFilter(ApplicationFilterChain.java:166)
	at org.apache.catalina.core.StandardWrapperValve.invoke(StandardWrapperValve.java:202)
	at org.apache.catalina.core.StandardContextValve.invoke(StandardContextValve.java:96)
	at org.apache.catalina.authenticator.AuthenticatorBase.invoke(AuthenticatorBase.java:541)
	at org.apache.catalina.core.StandardHostValve.invoke(StandardHostValve.java:139)
	at org.apache.catalina.valves.ErrorReportValve.invoke(ErrorReportValve.java:92)
	at org.apache.catalina.valves.AbstractAccessLogValve.invoke(AbstractAccessLogValve.java:678)
	at org.apache.catalina.core.StandardEngineValve.invoke(StandardEngineValve.java:74)
	at org.apache.catalina.connector.CoyoteAdapter.service(CoyoteAdapter.java:343)
	at org.apache.coyote.http11.Http11Processor.service(Http11Processor.java:367)
	at org.apache.coyote.AbstractProcessorLight.process(AbstractProcessorLight.java:65)
	at org.apache.coyote.AbstractProtocol$ConnectionHandler.process(AbstractProtocol.java:860)
	at org.apache.tomcat.util.net.NioEndpoint$SocketProcessor.doRun(NioEndpoint.java:1598)
	at org.apache.tomcat.util.net.SocketProcessorBase.run(SocketProcessorBase.java:49)
	at java.base/java.util.concurrent.ThreadPoolExecutor.runWorker(ThreadPoolExecutor.java:1128)
	at java.base/java.util.concurrent.ThreadPoolExecutor$Worker.run(ThreadPoolExecutor.java:628)
	at org.apache.tomcat.util.threads.TaskThread$WrappingRunnable.run(TaskThread.java:61)
	at java.base/java.lang.Thread.run(Thread.java:834)
2020-01-21 20:11:31 INFO  ItemDaoJdbcImpl:34 - 1 row(s) was effected.
2020-01-21 20:16:25 ERROR ItemDaoJdbcImpl:37 - Can't connect to DB create(Item item) in ItemDaoJdbcImpl
java.sql.SQLException: Column count doesn't match value count at row 1
	at com.mysql.cj.jdbc.exceptions.SQLError.createSQLException(SQLError.java:129)
	at com.mysql.cj.jdbc.exceptions.SQLError.createSQLException(SQLError.java:97)
	at com.mysql.cj.jdbc.exceptions.SQLExceptionsMapping.translateException(SQLExceptionsMapping.java:122)
	at com.mysql.cj.jdbc.StatementImpl.executeUpdateInternal(StatementImpl.java:1335)
	at com.mysql.cj.jdbc.StatementImpl.executeLargeUpdate(StatementImpl.java:2108)
	at com.mysql.cj.jdbc.StatementImpl.executeUpdate(StatementImpl.java:1245)
	at mate.academy.internetshop.dao.jdbc.ItemDaoJdbcImpl.create(ItemDaoJdbcImpl.java:34)
	at mate.academy.internetshop.service.dao.ItemServiceImpl.create(ItemServiceImpl.java:20)
	at mate.academy.internetshop.controller.AddItemController.doPost(AddItemController.java:29)
	at javax.servlet.http.HttpServlet.service(HttpServlet.java:660)
	at javax.servlet.http.HttpServlet.service(HttpServlet.java:741)
	at org.apache.catalina.core.ApplicationFilterChain.internalDoFilter(ApplicationFilterChain.java:231)
	at org.apache.catalina.core.ApplicationFilterChain.doFilter(ApplicationFilterChain.java:166)
	at org.apache.tomcat.websocket.server.WsFilter.doFilter(WsFilter.java:53)
	at org.apache.catalina.core.ApplicationFilterChain.internalDoFilter(ApplicationFilterChain.java:193)
	at org.apache.catalina.core.ApplicationFilterChain.doFilter(ApplicationFilterChain.java:166)
	at mate.academy.internetshop.web.filters.AuthorizationFilter.procesAuthentificaded(AuthorizationFilter.java:95)
	at mate.academy.internetshop.web.filters.AuthorizationFilter.doFilter(AuthorizationFilter.java:71)
	at org.apache.catalina.core.ApplicationFilterChain.internalDoFilter(ApplicationFilterChain.java:193)
	at org.apache.catalina.core.ApplicationFilterChain.doFilter(ApplicationFilterChain.java:166)
	at mate.academy.internetshop.web.filters.AuthenticationFilter.doFilter(AuthenticationFilter.java:44)
	at org.apache.catalina.core.ApplicationFilterChain.internalDoFilter(ApplicationFilterChain.java:193)
	at org.apache.catalina.core.ApplicationFilterChain.doFilter(ApplicationFilterChain.java:166)
	at org.apache.catalina.core.StandardWrapperValve.invoke(StandardWrapperValve.java:202)
	at org.apache.catalina.core.StandardContextValve.invoke(StandardContextValve.java:96)
	at org.apache.catalina.authenticator.AuthenticatorBase.invoke(AuthenticatorBase.java:541)
	at org.apache.catalina.core.StandardHostValve.invoke(StandardHostValve.java:139)
	at org.apache.catalina.valves.ErrorReportValve.invoke(ErrorReportValve.java:92)
	at org.apache.catalina.valves.AbstractAccessLogValve.invoke(AbstractAccessLogValve.java:678)
	at org.apache.catalina.core.StandardEngineValve.invoke(StandardEngineValve.java:74)
	at org.apache.catalina.connector.CoyoteAdapter.service(CoyoteAdapter.java:343)
	at org.apache.coyote.http11.Http11Processor.service(Http11Processor.java:367)
	at org.apache.coyote.AbstractProcessorLight.process(AbstractProcessorLight.java:65)
	at org.apache.coyote.AbstractProtocol$ConnectionHandler.process(AbstractProtocol.java:860)
	at org.apache.tomcat.util.net.NioEndpoint$SocketProcessor.doRun(NioEndpoint.java:1598)
	at org.apache.tomcat.util.net.SocketProcessorBase.run(SocketProcessorBase.java:49)
	at java.base/java.util.concurrent.ThreadPoolExecutor.runWorker(ThreadPoolExecutor.java:1128)
	at java.base/java.util.concurrent.ThreadPoolExecutor$Worker.run(ThreadPoolExecutor.java:628)
	at org.apache.tomcat.util.threads.TaskThread$WrappingRunnable.run(TaskThread.java:61)
	at java.base/java.lang.Thread.run(Thread.java:834)
2020-01-21 20:17:01 ERROR ItemDaoJdbcImpl:37 - Can't connect to DB create(Item item) in ItemDaoJdbcImpl
java.sql.SQLException: Column count doesn't match value count at row 1
	at com.mysql.cj.jdbc.exceptions.SQLError.createSQLException(SQLError.java:129)
	at com.mysql.cj.jdbc.exceptions.SQLError.createSQLException(SQLError.java:97)
	at com.mysql.cj.jdbc.exceptions.SQLExceptionsMapping.translateException(SQLExceptionsMapping.java:122)
	at com.mysql.cj.jdbc.StatementImpl.executeUpdateInternal(StatementImpl.java:1335)
	at com.mysql.cj.jdbc.StatementImpl.executeLargeUpdate(StatementImpl.java:2108)
	at com.mysql.cj.jdbc.StatementImpl.executeUpdate(StatementImpl.java:1245)
	at mate.academy.internetshop.dao.jdbc.ItemDaoJdbcImpl.create(ItemDaoJdbcImpl.java:34)
	at mate.academy.internetshop.service.dao.ItemServiceImpl.create(ItemServiceImpl.java:20)
	at mate.academy.internetshop.controller.AddItemController.doPost(AddItemController.java:29)
	at javax.servlet.http.HttpServlet.service(HttpServlet.java:660)
	at javax.servlet.http.HttpServlet.service(HttpServlet.java:741)
	at org.apache.catalina.core.ApplicationFilterChain.internalDoFilter(ApplicationFilterChain.java:231)
	at org.apache.catalina.core.ApplicationFilterChain.doFilter(ApplicationFilterChain.java:166)
	at org.apache.tomcat.websocket.server.WsFilter.doFilter(WsFilter.java:53)
	at org.apache.catalina.core.ApplicationFilterChain.internalDoFilter(ApplicationFilterChain.java:193)
	at org.apache.catalina.core.ApplicationFilterChain.doFilter(ApplicationFilterChain.java:166)
	at mate.academy.internetshop.web.filters.AuthorizationFilter.procesAuthentificaded(AuthorizationFilter.java:95)
	at mate.academy.internetshop.web.filters.AuthorizationFilter.doFilter(AuthorizationFilter.java:71)
	at org.apache.catalina.core.ApplicationFilterChain.internalDoFilter(ApplicationFilterChain.java:193)
	at org.apache.catalina.core.ApplicationFilterChain.doFilter(ApplicationFilterChain.java:166)
	at mate.academy.internetshop.web.filters.AuthenticationFilter.doFilter(AuthenticationFilter.java:44)
	at org.apache.catalina.core.ApplicationFilterChain.internalDoFilter(ApplicationFilterChain.java:193)
	at org.apache.catalina.core.ApplicationFilterChain.doFilter(ApplicationFilterChain.java:166)
	at org.apache.catalina.core.StandardWrapperValve.invoke(StandardWrapperValve.java:202)
	at org.apache.catalina.core.StandardContextValve.invoke(StandardContextValve.java:96)
	at org.apache.catalina.authenticator.AuthenticatorBase.invoke(AuthenticatorBase.java:541)
	at org.apache.catalina.core.StandardHostValve.invoke(StandardHostValve.java:139)
	at org.apache.catalina.valves.ErrorReportValve.invoke(ErrorReportValve.java:92)
	at org.apache.catalina.valves.AbstractAccessLogValve.invoke(AbstractAccessLogValve.java:678)
	at org.apache.catalina.core.StandardEngineValve.invoke(StandardEngineValve.java:74)
	at org.apache.catalina.connector.CoyoteAdapter.service(CoyoteAdapter.java:343)
	at org.apache.coyote.http11.Http11Processor.service(Http11Processor.java:367)
	at org.apache.coyote.AbstractProcessorLight.process(AbstractProcessorLight.java:65)
	at org.apache.coyote.AbstractProtocol$ConnectionHandler.process(AbstractProtocol.java:860)
	at org.apache.tomcat.util.net.NioEndpoint$SocketProcessor.doRun(NioEndpoint.java:1598)
	at org.apache.tomcat.util.net.SocketProcessorBase.run(SocketProcessorBase.java:49)
	at java.base/java.util.concurrent.ThreadPoolExecutor.runWorker(ThreadPoolExecutor.java:1128)
	at java.base/java.util.concurrent.ThreadPoolExecutor$Worker.run(ThreadPoolExecutor.java:628)
	at org.apache.tomcat.util.threads.TaskThread$WrappingRunnable.run(TaskThread.java:61)
	at java.base/java.lang.Thread.run(Thread.java:834)
2020-01-21 20:18:12 ERROR ItemDaoJdbcImpl:37 - Can't connect to DB create(Item item) in ItemDaoJdbcImpl
java.sql.SQLException: Column count doesn't match value count at row 1
	at com.mysql.cj.jdbc.exceptions.SQLError.createSQLException(SQLError.java:129)
	at com.mysql.cj.jdbc.exceptions.SQLError.createSQLException(SQLError.java:97)
	at com.mysql.cj.jdbc.exceptions.SQLExceptionsMapping.translateException(SQLExceptionsMapping.java:122)
	at com.mysql.cj.jdbc.StatementImpl.executeUpdateInternal(StatementImpl.java:1335)
	at com.mysql.cj.jdbc.StatementImpl.executeLargeUpdate(StatementImpl.java:2108)
	at com.mysql.cj.jdbc.StatementImpl.executeUpdate(StatementImpl.java:1245)
	at mate.academy.internetshop.dao.jdbc.ItemDaoJdbcImpl.create(ItemDaoJdbcImpl.java:34)
	at mate.academy.internetshop.service.dao.ItemServiceImpl.create(ItemServiceImpl.java:20)
	at mate.academy.internetshop.controller.AddItemController.doPost(AddItemController.java:29)
	at javax.servlet.http.HttpServlet.service(HttpServlet.java:660)
	at javax.servlet.http.HttpServlet.service(HttpServlet.java:741)
	at org.apache.catalina.core.ApplicationFilterChain.internalDoFilter(ApplicationFilterChain.java:231)
	at org.apache.catalina.core.ApplicationFilterChain.doFilter(ApplicationFilterChain.java:166)
	at org.apache.tomcat.websocket.server.WsFilter.doFilter(WsFilter.java:53)
	at org.apache.catalina.core.ApplicationFilterChain.internalDoFilter(ApplicationFilterChain.java:193)
	at org.apache.catalina.core.ApplicationFilterChain.doFilter(ApplicationFilterChain.java:166)
	at mate.academy.internetshop.web.filters.AuthorizationFilter.procesAuthentificaded(AuthorizationFilter.java:95)
	at mate.academy.internetshop.web.filters.AuthorizationFilter.doFilter(AuthorizationFilter.java:71)
	at org.apache.catalina.core.ApplicationFilterChain.internalDoFilter(ApplicationFilterChain.java:193)
	at org.apache.catalina.core.ApplicationFilterChain.doFilter(ApplicationFilterChain.java:166)
	at mate.academy.internetshop.web.filters.AuthenticationFilter.doFilter(AuthenticationFilter.java:44)
	at org.apache.catalina.core.ApplicationFilterChain.internalDoFilter(ApplicationFilterChain.java:193)
	at org.apache.catalina.core.ApplicationFilterChain.doFilter(ApplicationFilterChain.java:166)
	at org.apache.catalina.core.StandardWrapperValve.invoke(StandardWrapperValve.java:202)
	at org.apache.catalina.core.StandardContextValve.invoke(StandardContextValve.java:96)
	at org.apache.catalina.authenticator.AuthenticatorBase.invoke(AuthenticatorBase.java:541)
	at org.apache.catalina.core.StandardHostValve.invoke(StandardHostValve.java:139)
	at org.apache.catalina.valves.ErrorReportValve.invoke(ErrorReportValve.java:92)
	at org.apache.catalina.valves.AbstractAccessLogValve.invoke(AbstractAccessLogValve.java:678)
	at org.apache.catalina.core.StandardEngineValve.invoke(StandardEngineValve.java:74)
	at org.apache.catalina.connector.CoyoteAdapter.service(CoyoteAdapter.java:343)
	at org.apache.coyote.http11.Http11Processor.service(Http11Processor.java:367)
	at org.apache.coyote.AbstractProcessorLight.process(AbstractProcessorLight.java:65)
	at org.apache.coyote.AbstractProtocol$ConnectionHandler.process(AbstractProtocol.java:860)
	at org.apache.tomcat.util.net.NioEndpoint$SocketProcessor.doRun(NioEndpoint.java:1598)
	at org.apache.tomcat.util.net.SocketProcessorBase.run(SocketProcessorBase.java:49)
	at java.base/java.util.concurrent.ThreadPoolExecutor.runWorker(ThreadPoolExecutor.java:1128)
	at java.base/java.util.concurrent.ThreadPoolExecutor$Worker.run(ThreadPoolExecutor.java:628)
	at org.apache.tomcat.util.threads.TaskThread$WrappingRunnable.run(TaskThread.java:61)
	at java.base/java.lang.Thread.run(Thread.java:834)
2020-01-21 20:20:44 ERROR ItemDaoJdbcImpl:37 - Can't connect to DB create(Item item) in ItemDaoJdbcImpl
java.sql.SQLException: Column count doesn't match value count at row 1
	at com.mysql.cj.jdbc.exceptions.SQLError.createSQLException(SQLError.java:129)
	at com.mysql.cj.jdbc.exceptions.SQLError.createSQLException(SQLError.java:97)
	at com.mysql.cj.jdbc.exceptions.SQLExceptionsMapping.translateException(SQLExceptionsMapping.java:122)
	at com.mysql.cj.jdbc.StatementImpl.executeUpdateInternal(StatementImpl.java:1335)
	at com.mysql.cj.jdbc.StatementImpl.executeLargeUpdate(StatementImpl.java:2108)
	at com.mysql.cj.jdbc.StatementImpl.executeUpdate(StatementImpl.java:1245)
	at mate.academy.internetshop.dao.jdbc.ItemDaoJdbcImpl.create(ItemDaoJdbcImpl.java:34)
	at mate.academy.internetshop.service.dao.ItemServiceImpl.create(ItemServiceImpl.java:20)
	at mate.academy.internetshop.controller.AddItemController.doPost(AddItemController.java:29)
	at javax.servlet.http.HttpServlet.service(HttpServlet.java:660)
	at javax.servlet.http.HttpServlet.service(HttpServlet.java:741)
	at org.apache.catalina.core.ApplicationFilterChain.internalDoFilter(ApplicationFilterChain.java:231)
	at org.apache.catalina.core.ApplicationFilterChain.doFilter(ApplicationFilterChain.java:166)
	at org.apache.tomcat.websocket.server.WsFilter.doFilter(WsFilter.java:53)
	at org.apache.catalina.core.ApplicationFilterChain.internalDoFilter(ApplicationFilterChain.java:193)
	at org.apache.catalina.core.ApplicationFilterChain.doFilter(ApplicationFilterChain.java:166)
	at mate.academy.internetshop.web.filters.AuthorizationFilter.procesAuthentificaded(AuthorizationFilter.java:95)
	at mate.academy.internetshop.web.filters.AuthorizationFilter.doFilter(AuthorizationFilter.java:71)
	at org.apache.catalina.core.ApplicationFilterChain.internalDoFilter(ApplicationFilterChain.java:193)
	at org.apache.catalina.core.ApplicationFilterChain.doFilter(ApplicationFilterChain.java:166)
	at mate.academy.internetshop.web.filters.AuthenticationFilter.doFilter(AuthenticationFilter.java:44)
	at org.apache.catalina.core.ApplicationFilterChain.internalDoFilter(ApplicationFilterChain.java:193)
	at org.apache.catalina.core.ApplicationFilterChain.doFilter(ApplicationFilterChain.java:166)
	at org.apache.catalina.core.StandardWrapperValve.invoke(StandardWrapperValve.java:202)
	at org.apache.catalina.core.StandardContextValve.invoke(StandardContextValve.java:96)
	at org.apache.catalina.authenticator.AuthenticatorBase.invoke(AuthenticatorBase.java:541)
	at org.apache.catalina.core.StandardHostValve.invoke(StandardHostValve.java:139)
	at org.apache.catalina.valves.ErrorReportValve.invoke(ErrorReportValve.java:92)
	at org.apache.catalina.valves.AbstractAccessLogValve.invoke(AbstractAccessLogValve.java:678)
	at org.apache.catalina.core.StandardEngineValve.invoke(StandardEngineValve.java:74)
	at org.apache.catalina.connector.CoyoteAdapter.service(CoyoteAdapter.java:343)
	at org.apache.coyote.http11.Http11Processor.service(Http11Processor.java:367)
	at org.apache.coyote.AbstractProcessorLight.process(AbstractProcessorLight.java:65)
	at org.apache.coyote.AbstractProtocol$ConnectionHandler.process(AbstractProtocol.java:860)
	at org.apache.tomcat.util.net.NioEndpoint$SocketProcessor.doRun(NioEndpoint.java:1598)
	at org.apache.tomcat.util.net.SocketProcessorBase.run(SocketProcessorBase.java:49)
	at java.base/java.util.concurrent.ThreadPoolExecutor.runWorker(ThreadPoolExecutor.java:1128)
	at java.base/java.util.concurrent.ThreadPoolExecutor$Worker.run(ThreadPoolExecutor.java:628)
	at org.apache.tomcat.util.threads.TaskThread$WrappingRunnable.run(TaskThread.java:61)
	at java.base/java.lang.Thread.run(Thread.java:834)
2020-01-21 20:23:26 INFO  ItemDaoJdbcImpl:36 - 1 row(s) was effected.
2020-01-21 20:30:42 INFO  ItemDaoJdbcImpl:37 - 1 row(s) was effected.
2020-01-21 20:47:28 INFO  InjectInitializer:15 - Dependency injection started
2020-01-21 20:47:40 WARN  ItemDaoJdbcImpl:73 - Can't find item with id = 1
2020-01-21 20:48:41 ERROR ItemDaoJdbcImpl:39 - Can't connect to DB create(Item item) in ItemDaoJdbcImpl
java.sql.SQLException: Column count doesn't match value count at row 1
	at com.mysql.cj.jdbc.exceptions.SQLError.createSQLException(SQLError.java:129)
	at com.mysql.cj.jdbc.exceptions.SQLError.createSQLException(SQLError.java:97)
	at com.mysql.cj.jdbc.exceptions.SQLExceptionsMapping.translateException(SQLExceptionsMapping.java:122)
	at com.mysql.cj.jdbc.StatementImpl.executeUpdateInternal(StatementImpl.java:1335)
	at com.mysql.cj.jdbc.StatementImpl.executeLargeUpdate(StatementImpl.java:2108)
	at com.mysql.cj.jdbc.StatementImpl.executeUpdate(StatementImpl.java:1245)
	at mate.academy.internetshop.dao.jdbc.ItemDaoJdbcImpl.create(ItemDaoJdbcImpl.java:36)
	at mate.academy.internetshop.service.dao.ItemServiceImpl.create(ItemServiceImpl.java:20)
	at mate.academy.internetshop.controller.AddItemController.doPost(AddItemController.java:29)
	at javax.servlet.http.HttpServlet.service(HttpServlet.java:660)
	at javax.servlet.http.HttpServlet.service(HttpServlet.java:741)
	at org.apache.catalina.core.ApplicationFilterChain.internalDoFilter(ApplicationFilterChain.java:231)
	at org.apache.catalina.core.ApplicationFilterChain.doFilter(ApplicationFilterChain.java:166)
	at org.apache.tomcat.websocket.server.WsFilter.doFilter(WsFilter.java:53)
	at org.apache.catalina.core.ApplicationFilterChain.internalDoFilter(ApplicationFilterChain.java:193)
	at org.apache.catalina.core.ApplicationFilterChain.doFilter(ApplicationFilterChain.java:166)
	at mate.academy.internetshop.web.filters.AuthorizationFilter.procesAuthentificaded(AuthorizationFilter.java:95)
	at mate.academy.internetshop.web.filters.AuthorizationFilter.doFilter(AuthorizationFilter.java:71)
	at org.apache.catalina.core.ApplicationFilterChain.internalDoFilter(ApplicationFilterChain.java:193)
	at org.apache.catalina.core.ApplicationFilterChain.doFilter(ApplicationFilterChain.java:166)
	at mate.academy.internetshop.web.filters.AuthenticationFilter.doFilter(AuthenticationFilter.java:44)
	at org.apache.catalina.core.ApplicationFilterChain.internalDoFilter(ApplicationFilterChain.java:193)
	at org.apache.catalina.core.ApplicationFilterChain.doFilter(ApplicationFilterChain.java:166)
	at org.apache.catalina.core.StandardWrapperValve.invoke(StandardWrapperValve.java:202)
	at org.apache.catalina.core.StandardContextValve.invoke(StandardContextValve.java:96)
	at org.apache.catalina.authenticator.AuthenticatorBase.invoke(AuthenticatorBase.java:541)
	at org.apache.catalina.core.StandardHostValve.invoke(StandardHostValve.java:139)
	at org.apache.catalina.valves.ErrorReportValve.invoke(ErrorReportValve.java:92)
	at org.apache.catalina.valves.AbstractAccessLogValve.invoke(AbstractAccessLogValve.java:678)
	at org.apache.catalina.core.StandardEngineValve.invoke(StandardEngineValve.java:74)
	at org.apache.catalina.connector.CoyoteAdapter.service(CoyoteAdapter.java:343)
	at org.apache.coyote.http11.Http11Processor.service(Http11Processor.java:367)
	at org.apache.coyote.AbstractProcessorLight.process(AbstractProcessorLight.java:65)
	at org.apache.coyote.AbstractProtocol$ConnectionHandler.process(AbstractProtocol.java:860)
	at org.apache.tomcat.util.net.NioEndpoint$SocketProcessor.doRun(NioEndpoint.java:1598)
	at org.apache.tomcat.util.net.SocketProcessorBase.run(SocketProcessorBase.java:49)
	at java.base/java.util.concurrent.ThreadPoolExecutor.runWorker(ThreadPoolExecutor.java:1128)
	at java.base/java.util.concurrent.ThreadPoolExecutor$Worker.run(ThreadPoolExecutor.java:628)
	at org.apache.tomcat.util.threads.TaskThread$WrappingRunnable.run(TaskThread.java:61)
	at java.base/java.lang.Thread.run(Thread.java:834)
2020-01-21 20:51:08 INFO  ItemDaoJdbcImpl:37 - 1 row(s) was effected.
2020-01-21 20:52:50 INFO  ItemDaoJdbcImpl:37 - 1 row(s) was effected.
2020-01-21 20:57:59 ERROR ItemDaoJdbcImpl:39 - Can't connect to DB create(Item item) in ItemDaoJdbcImpl
java.sql.SQLException: Column count doesn't match value count at row 1
	at com.mysql.cj.jdbc.exceptions.SQLError.createSQLException(SQLError.java:129)
	at com.mysql.cj.jdbc.exceptions.SQLError.createSQLException(SQLError.java:97)
	at com.mysql.cj.jdbc.exceptions.SQLExceptionsMapping.translateException(SQLExceptionsMapping.java:122)
	at com.mysql.cj.jdbc.StatementImpl.executeUpdateInternal(StatementImpl.java:1335)
	at com.mysql.cj.jdbc.StatementImpl.executeLargeUpdate(StatementImpl.java:2108)
	at com.mysql.cj.jdbc.StatementImpl.executeUpdate(StatementImpl.java:1245)
	at mate.academy.internetshop.dao.jdbc.ItemDaoJdbcImpl.create(Unknown Source)
	at mate.academy.internetshop.service.dao.ItemServiceImpl.create(ItemServiceImpl.java:20)
	at mate.academy.internetshop.controller.AddItemController.doPost(AddItemController.java:29)
	at javax.servlet.http.HttpServlet.service(HttpServlet.java:660)
	at javax.servlet.http.HttpServlet.service(HttpServlet.java:741)
	at org.apache.catalina.core.ApplicationFilterChain.internalDoFilter(ApplicationFilterChain.java:231)
	at org.apache.catalina.core.ApplicationFilterChain.doFilter(ApplicationFilterChain.java:166)
	at org.apache.tomcat.websocket.server.WsFilter.doFilter(WsFilter.java:53)
	at org.apache.catalina.core.ApplicationFilterChain.internalDoFilter(ApplicationFilterChain.java:193)
	at org.apache.catalina.core.ApplicationFilterChain.doFilter(ApplicationFilterChain.java:166)
	at mate.academy.internetshop.web.filters.AuthorizationFilter.procesAuthentificaded(AuthorizationFilter.java:95)
	at mate.academy.internetshop.web.filters.AuthorizationFilter.doFilter(AuthorizationFilter.java:71)
	at org.apache.catalina.core.ApplicationFilterChain.internalDoFilter(ApplicationFilterChain.java:193)
	at org.apache.catalina.core.ApplicationFilterChain.doFilter(ApplicationFilterChain.java:166)
	at mate.academy.internetshop.web.filters.AuthenticationFilter.doFilter(AuthenticationFilter.java:44)
	at org.apache.catalina.core.ApplicationFilterChain.internalDoFilter(ApplicationFilterChain.java:193)
	at org.apache.catalina.core.ApplicationFilterChain.doFilter(ApplicationFilterChain.java:166)
	at org.apache.catalina.core.StandardWrapperValve.invoke(StandardWrapperValve.java:202)
	at org.apache.catalina.core.StandardContextValve.invoke(StandardContextValve.java:96)
	at org.apache.catalina.authenticator.AuthenticatorBase.invoke(AuthenticatorBase.java:541)
	at org.apache.catalina.core.StandardHostValve.invoke(StandardHostValve.java:139)
	at org.apache.catalina.valves.ErrorReportValve.invoke(ErrorReportValve.java:92)
	at org.apache.catalina.valves.AbstractAccessLogValve.invoke(AbstractAccessLogValve.java:678)
	at org.apache.catalina.core.StandardEngineValve.invoke(StandardEngineValve.java:74)
	at org.apache.catalina.connector.CoyoteAdapter.service(CoyoteAdapter.java:343)
	at org.apache.coyote.http11.Http11Processor.service(Http11Processor.java:367)
	at org.apache.coyote.AbstractProcessorLight.process(AbstractProcessorLight.java:65)
	at org.apache.coyote.AbstractProtocol$ConnectionHandler.process(AbstractProtocol.java:860)
	at org.apache.tomcat.util.net.NioEndpoint$SocketProcessor.doRun(NioEndpoint.java:1598)
	at org.apache.tomcat.util.net.SocketProcessorBase.run(SocketProcessorBase.java:49)
	at java.base/java.util.concurrent.ThreadPoolExecutor.runWorker(ThreadPoolExecutor.java:1128)
	at java.base/java.util.concurrent.ThreadPoolExecutor$Worker.run(ThreadPoolExecutor.java:628)
	at org.apache.tomcat.util.threads.TaskThread$WrappingRunnable.run(TaskThread.java:61)
	at java.base/java.lang.Thread.run(Thread.java:834)
2020-01-21 20:58:29 ERROR ItemDaoJdbcImpl:39 - Can't connect to DB create(Item item) in ItemDaoJdbcImpl
java.sql.SQLException: Column count doesn't match value count at row 1
	at com.mysql.cj.jdbc.exceptions.SQLError.createSQLException(SQLError.java:129)
	at com.mysql.cj.jdbc.exceptions.SQLError.createSQLException(SQLError.java:97)
	at com.mysql.cj.jdbc.exceptions.SQLExceptionsMapping.translateException(SQLExceptionsMapping.java:122)
	at com.mysql.cj.jdbc.StatementImpl.executeUpdateInternal(StatementImpl.java:1335)
	at com.mysql.cj.jdbc.StatementImpl.executeLargeUpdate(StatementImpl.java:2108)
	at com.mysql.cj.jdbc.StatementImpl.executeUpdate(StatementImpl.java:1245)
	at mate.academy.internetshop.dao.jdbc.ItemDaoJdbcImpl.create(ItemDaoJdbcImpl.java:36)
	at mate.academy.internetshop.service.dao.ItemServiceImpl.create(ItemServiceImpl.java:20)
	at mate.academy.internetshop.controller.AddItemController.doPost(AddItemController.java:29)
	at javax.servlet.http.HttpServlet.service(HttpServlet.java:660)
	at javax.servlet.http.HttpServlet.service(HttpServlet.java:741)
	at org.apache.catalina.core.ApplicationFilterChain.internalDoFilter(ApplicationFilterChain.java:231)
	at org.apache.catalina.core.ApplicationFilterChain.doFilter(ApplicationFilterChain.java:166)
	at org.apache.tomcat.websocket.server.WsFilter.doFilter(WsFilter.java:53)
	at org.apache.catalina.core.ApplicationFilterChain.internalDoFilter(ApplicationFilterChain.java:193)
	at org.apache.catalina.core.ApplicationFilterChain.doFilter(ApplicationFilterChain.java:166)
	at mate.academy.internetshop.web.filters.AuthorizationFilter.procesAuthentificaded(AuthorizationFilter.java:95)
	at mate.academy.internetshop.web.filters.AuthorizationFilter.doFilter(AuthorizationFilter.java:71)
	at org.apache.catalina.core.ApplicationFilterChain.internalDoFilter(ApplicationFilterChain.java:193)
	at org.apache.catalina.core.ApplicationFilterChain.doFilter(ApplicationFilterChain.java:166)
	at mate.academy.internetshop.web.filters.AuthenticationFilter.doFilter(AuthenticationFilter.java:44)
	at org.apache.catalina.core.ApplicationFilterChain.internalDoFilter(ApplicationFilterChain.java:193)
	at org.apache.catalina.core.ApplicationFilterChain.doFilter(ApplicationFilterChain.java:166)
	at org.apache.catalina.core.StandardWrapperValve.invoke(StandardWrapperValve.java:202)
	at org.apache.catalina.core.StandardContextValve.invoke(StandardContextValve.java:96)
	at org.apache.catalina.authenticator.AuthenticatorBase.invoke(AuthenticatorBase.java:541)
	at org.apache.catalina.core.StandardHostValve.invoke(StandardHostValve.java:139)
	at org.apache.catalina.valves.ErrorReportValve.invoke(ErrorReportValve.java:92)
	at org.apache.catalina.valves.AbstractAccessLogValve.invoke(AbstractAccessLogValve.java:678)
	at org.apache.catalina.core.StandardEngineValve.invoke(StandardEngineValve.java:74)
	at org.apache.catalina.connector.CoyoteAdapter.service(CoyoteAdapter.java:343)
	at org.apache.coyote.http11.Http11Processor.service(Http11Processor.java:367)
	at org.apache.coyote.AbstractProcessorLight.process(AbstractProcessorLight.java:65)
	at org.apache.coyote.AbstractProtocol$ConnectionHandler.process(AbstractProtocol.java:860)
	at org.apache.tomcat.util.net.NioEndpoint$SocketProcessor.doRun(NioEndpoint.java:1598)
	at org.apache.tomcat.util.net.SocketProcessorBase.run(SocketProcessorBase.java:49)
	at java.base/java.util.concurrent.ThreadPoolExecutor.runWorker(ThreadPoolExecutor.java:1128)
	at java.base/java.util.concurrent.ThreadPoolExecutor$Worker.run(ThreadPoolExecutor.java:628)
	at org.apache.tomcat.util.threads.TaskThread$WrappingRunnable.run(TaskThread.java:61)
	at java.base/java.lang.Thread.run(Thread.java:834)
2020-01-21 21:14:49 INFO  ItemDaoJdbcImpl:37 - 1 row(s) was effected.
2020-01-21 21:15:07 INFO  InjectInitializer:15 - Dependency injection started
2020-01-21 21:15:38 INFO  InjectInitializer:15 - Dependency injection started
2020-01-21 21:15:50 WARN  ItemDaoJdbcImpl:73 - Can't find item with id = 1
2020-01-21 21:16:11 INFO  ItemDaoJdbcImpl:37 - 1 row(s) was effected.
2020-01-21 21:19:03 INFO  InjectInitializer:15 - Dependency injection started
2020-01-21 21:24:49 WARN  ItemDaoJdbcImpl:71 - Can't find item with id = 1
2020-01-21 21:31:32 INFO  InjectInitializer:15 - Dependency injection started
2020-01-21 21:31:42 WARN  ItemDaoJdbcImpl:71 - Can't find item with id = 1
2020-01-21 21:34:00 INFO  InjectInitializer:15 - Dependency injection started
2020-01-21 21:34:22 WARN  ItemDaoJdbcImpl:71 - Can't find item with id = 1
2020-01-21 21:34:45 INFO  ItemDaoJdbcImpl:82 - 1 row(s) was effected
2020-01-21 21:34:58 INFO  ItemDaoJdbcImpl:35 - 1 row(s) was effected.
2020-01-21 21:35:04 INFO  ItemDaoJdbcImpl:82 - 1 row(s) was effected
2020-01-21 21:35:30 INFO  InjectInitializer:15 - Dependency injection started
2020-01-21 21:35:36 WARN  ItemDaoJdbcImpl:71 - Can't find item with id = 1
2020-01-21 21:35:56 INFO  ItemDaoJdbcImpl:35 - 1 row(s) was effected.
2020-01-21 21:36:04 INFO  ItemDaoJdbcImpl:35 - 1 row(s) was effected.
2020-01-21 21:36:09 INFO  ItemDaoJdbcImpl:35 - 1 row(s) was effected.
2020-01-21 21:36:18 INFO  ItemDaoJdbcImpl:82 - 1 row(s) was effected
2020-01-21 21:44:42 INFO  InjectInitializer:15 - Dependency injection started
2020-01-21 21:45:07 WARN  ItemDaoJdbcImpl:69 - Can't find item with id = 1
2020-01-21 21:46:44 WARN  ItemDaoJdbcImpl:69 - Can't find item with id = 1
2020-01-21 21:48:12 INFO  InjectInitializer:15 - Dependency injection started
2020-01-21 21:49:01 INFO  ItemDaoJdbcImpl:67 - 1 row(s) was effected
2020-01-22 11:44:52 INFO  InjectInitializer:15 - Dependency injection started
2020-01-22 11:45:33 INFO  ItemDaoJdbcImpl:68 - 1 row(s) was effected
2020-01-22 11:46:02 INFO  ItemDaoJdbcImpl:34 - 1 row(s) was effected.
2020-01-22 11:46:06 INFO  ItemDaoJdbcImpl:81 - 1 row(s) was effected
2020-01-24 18:01:23 INFO  InjectInitializer:15 - Dependency injection started
2020-01-24 18:01:30 INFO  ItemDaoJdbcImpl:69 - 1 row(s) was effected
2020-01-25 09:52:35 INFO  InjectInitializer:15 - Dependency injection started
2020-01-25 10:27:50 INFO  InjectInitializer:15 - Dependency injection started
2020-01-25 11:04:29 INFO  ItemDaoJdbcImpl:69 - 1 row(s) was effected
2020-01-25 11:04:55 INFO  ItemDaoJdbcImpl:35 - 1 row(s) was effected.
2020-01-25 11:19:11 INFO  ItemDaoJdbcImpl:35 - 1 row(s) was effected.
2020-01-25 11:19:23 INFO  ItemDaoJdbcImpl:82 - 1 row(s) was effected
2020-01-25 11:19:23 INFO  ItemDaoJdbcImpl:82 - 1 row(s) was effected
2020-01-25 11:19:24 INFO  ItemDaoJdbcImpl:82 - 1 row(s) was effected
2020-01-25 11:19:25 INFO  ItemDaoJdbcImpl:82 - 1 row(s) was effected
2020-01-25 11:19:26 INFO  ItemDaoJdbcImpl:82 - 1 row(s) was effected
2020-01-25 11:41:05 INFO  ItemDaoJdbcImpl:35 - 1 row(s) was effected.
2020-01-25 11:41:08 INFO  ItemDaoJdbcImpl:82 - 1 row(s) was effected
2020-01-25 11:42:03 INFO  ItemDaoJdbcImpl:35 - 1 row(s) was effected.
2020-01-25 11:42:11 INFO  ItemDaoJdbcImpl:82 - 1 row(s) was effected
2020-01-25 11:43:29 INFO  InjectInitializer:15 - Dependency injection started
2020-01-25 11:47:56 INFO  InjectInitializer:15 - Dependency injection started
2020-01-25 13:44:31 INFO  InjectInitializer:15 - Dependency injection started
2020-01-25 13:44:57 INFO  ItemDaoJdbcImpl:35 - 1 row(s) was effected.
2020-01-25 13:46:09 INFO  InjectInitializer:15 - Dependency injection started
2020-01-25 13:50:43 INFO  ItemDaoJdbcImpl:82 - 1 row(s) was effected
2020-01-25 13:50:59 INFO  ItemDaoJdbcImpl:82 - 1 row(s) was effected
2020-01-25 14:06:35 INFO  ItemDaoJdbcImpl:82 - 1 row(s) was effected
2020-01-25 14:06:55 INFO  ItemDaoJdbcImpl:82 - 1 row(s) was effected
2020-01-25 14:07:21 INFO  ItemDaoJdbcImpl:35 - 1 row(s) was effected.
2020-01-25 14:08:33 INFO  ItemDaoJdbcImpl:82 - 1 row(s) was effected
2020-01-25 14:28:48 INFO  InjectInitializer:15 - Dependency injection started
2020-01-25 14:33:37 INFO  ItemDaoJdbcImpl:35 - 1 row(s) was effected.
2020-01-25 14:34:25 INFO  ItemDaoJdbcImpl:82 - 1 row(s) was effected
2020-01-25 14:45:07 INFO  InjectInitializer:15 - Dependency injection started
2020-01-25 14:50:25 INFO  ItemDaoJdbcImpl:98 - 1 row(s) was effected
2020-01-25 14:55:07 INFO  InjectInitializer:15 - Dependency injection started
2020-01-25 14:56:37 INFO  InjectInitializer:15 - Dependency injection started
2020-01-25 15:15:02 INFO  ItemDaoJdbcImpl:86 - 1 row(s) was effected
2020-01-25 15:21:08 INFO  ItemDaoJdbcImpl:98 - 1 row(s) was effected
2020-01-25 15:21:53 INFO  ItemDaoJdbcImpl:98 - 1 row(s) was effected
2020-01-25 18:17:21 INFO  InjectInitializer:15 - Dependency injection started
2020-01-25 18:17:29 INFO  ItemDaoJdbcImpl:71 - 1 row(s) was effected
2020-01-25 18:21:21 INFO  InjectInitializer:15 - Dependency injection started
2020-01-25 18:21:26 INFO  ItemDaoJdbcImpl:71 - 1 row(s) was effected
2020-01-25 20:49:04 INFO  InjectInitializer:15 - Dependency injection started
2020-01-25 20:54:26 INFO  InjectInitializer:15 - Dependency injection started
2020-01-25 20:59:38 INFO  InjectInitializer:15 - Dependency injection started
2020-01-25 21:01:05 INFO  InjectInitializer:15 - Dependency injection started
2020-01-25 21:22:50 INFO  InjectInitializer:15 - Dependency injection started
2020-01-25 21:26:55 INFO  InjectInitializer:15 - Dependency injection started
2020-01-25 21:34:48 INFO  InjectInitializer:15 - Dependency injection started
2020-01-25 21:50:57 INFO  InjectInitializer:15 - Dependency injection started
2020-01-25 21:57:15 INFO  InjectInitializer:15 - Dependency injection started
2020-01-26 07:33:49 INFO  InjectInitializer:15 - Dependency injection started
2020-01-26 07:46:44 INFO  InjectInitializer:15 - Dependency injection started
2020-01-26 09:04:20 INFO  InjectInitializer:15 - Dependency injection started
2020-01-26 09:32:17 INFO  InjectInitializer:15 - Dependency injection started
2020-01-26 09:33:34 INFO  InjectInitializer:15 - Dependency injection started
2020-01-26 11:52:19 INFO  InjectInitializer:15 - Dependency injection started
2020-01-26 11:52:41 INFO  ItemDaoJdbcImpl:84 - 1 row(s) was effected
2020-01-26 12:50:53 INFO  InjectInitializer:15 - Dependency injection started
2020-01-26 12:53:35 INFO  InjectInitializer:15 - Dependency injection started
2020-01-26 13:29:21 INFO  InjectInitializer:15 - Dependency injection started
2020-01-26 13:36:00 INFO  InjectInitializer:15 - Dependency injection started
2020-01-26 14:06:33 INFO  InjectInitializer:15 - Dependency injection started
2020-01-26 14:13:27 INFO  InjectInitializer:15 - Dependency injection started
2020-01-26 14:27:54 INFO  InjectInitializer:15 - Dependency injection started
2020-01-26 19:22:09 INFO  InjectInitializer:15 - Dependency injection started
2020-01-26 19:24:22 INFO  InjectInitializer:15 - Dependency injection started
2020-01-26 20:01:27 INFO  InjectInitializer:15 - Dependency injection started
2020-01-26 20:16:31 INFO  OrderDaoJdbcImpl:49 - 1 rows were affected
2020-01-26 20:16:31 INFO  OrderDaoJdbcImpl:49 - 1 rows were affected
2020-01-26 20:19:55 INFO  OrderDaoJdbcImpl:49 - 1 rows were affected
2020-01-26 20:19:55 INFO  OrderDaoJdbcImpl:49 - 1 rows were affected
2020-01-26 20:22:29 INFO  OrderDaoJdbcImpl:49 - 1 rows were affected
2020-01-26 20:22:29 INFO  OrderDaoJdbcImpl:49 - 1 rows were affected
2020-01-26 20:29:27 INFO  OrderDaoJdbcImpl:49 - 1 rows were affected
2020-01-26 20:29:27 INFO  OrderDaoJdbcImpl:49 - 1 rows were affected
2020-01-26 20:32:19 INFO  OrderDaoJdbcImpl:49 - 1 rows were affected
2020-01-26 20:32:19 INFO  OrderDaoJdbcImpl:49 - 1 rows were affected
2020-01-26 20:35:45 INFO  OrderDaoJdbcImpl:49 - 1 rows were affected
2020-01-26 20:35:45 INFO  OrderDaoJdbcImpl:49 - 1 rows were affected
2020-01-26 20:37:08 INFO  OrderDaoJdbcImpl:49 - 1 rows were affected
2020-01-26 20:37:08 INFO  OrderDaoJdbcImpl:49 - 1 rows were affected
2020-01-26 20:38:47 INFO  OrderDaoJdbcImpl:49 - 1 rows were affected
2020-01-26 20:38:47 INFO  OrderDaoJdbcImpl:49 - 1 rows were affected
2020-01-26 20:40:04 INFO  OrderDaoJdbcImpl:49 - 1 rows were affected
2020-01-26 20:40:04 INFO  OrderDaoJdbcImpl:49 - 1 rows were affected
2020-01-26 20:41:08 INFO  OrderDaoJdbcImpl:49 - 1 rows were affected
2020-01-26 20:41:08 INFO  OrderDaoJdbcImpl:49 - 1 rows were affected
2020-01-26 20:42:16 INFO  OrderDaoJdbcImpl:49 - 1 rows were affected
2020-01-26 20:42:16 INFO  OrderDaoJdbcImpl:49 - 1 rows were affected
2020-01-26 20:46:53 INFO  OrderDaoJdbcImpl:49 - 1 rows were affected
2020-01-26 20:46:53 INFO  OrderDaoJdbcImpl:49 - 1 rows were affected
2020-01-26 20:51:42 INFO  OrderDaoJdbcImpl:49 - 1 rows were affected
2020-01-26 20:51:42 INFO  OrderDaoJdbcImpl:49 - 1 rows were affected
2020-01-26 20:53:33 INFO  OrderDaoJdbcImpl:49 - 1 rows were affected
2020-01-26 20:53:33 INFO  OrderDaoJdbcImpl:49 - 1 rows were affected
2020-01-26 20:54:49 INFO  OrderDaoJdbcImpl:49 - 1 rows were affected
2020-01-26 20:54:49 INFO  OrderDaoJdbcImpl:49 - 1 rows were affected
2020-01-26 21:04:54 INFO  OrderDaoJdbcImpl:49 - 1 rows were affected
2020-01-26 21:04:54 INFO  OrderDaoJdbcImpl:49 - 1 rows were affected
2020-01-26 21:08:46 INFO  InjectInitializer:15 - Dependency injection started
2020-01-26 21:09:16 INFO  OrderDaoJdbcImpl:49 - 1 rows were affected
2020-01-26 21:09:16 INFO  OrderDaoJdbcImpl:49 - 1 rows were affected
2020-01-26 21:11:44 INFO  OrderDaoJdbcImpl:49 - 1 rows were affected
2020-01-26 21:11:44 INFO  OrderDaoJdbcImpl:49 - 1 rows were affected
2020-01-26 21:12:27 INFO  OrderDaoJdbcImpl:49 - 1 rows were affected
2020-01-26 21:12:27 INFO  OrderDaoJdbcImpl:49 - 1 rows were affected
2020-01-26 21:13:54 INFO  OrderDaoJdbcImpl:49 - 1 rows were affected
2020-01-26 21:13:54 INFO  OrderDaoJdbcImpl:49 - 1 rows were affected
2020-01-26 21:14:38 INFO  OrderDaoJdbcImpl:49 - 1 rows were affected
2020-01-26 21:14:38 INFO  OrderDaoJdbcImpl:49 - 1 rows were affected
2020-01-26 21:31:00 INFO  OrderDaoJdbcImpl:49 - 1 rows were affected
2020-01-26 21:31:36 INFO  InjectInitializer:15 - Dependency injection started
2020-01-26 21:33:01 INFO  OrderDaoJdbcImpl:49 - 1 rows were affected
2020-01-26 21:33:01 INFO  OrderDaoJdbcImpl:49 - 1 rows were affected
2020-01-26 21:33:44 INFO  OrderDaoJdbcImpl:49 - 1 rows were affected
2020-01-26 21:33:44 INFO  OrderDaoJdbcImpl:49 - 1 rows were affected
2020-01-26 21:34:33 INFO  OrderDaoJdbcImpl:49 - 1 rows were affected
2020-01-26 21:34:33 INFO  OrderDaoJdbcImpl:49 - 1 rows were affected
2020-01-26 21:35:12 INFO  OrderDaoJdbcImpl:49 - 1 rows were affected
2020-01-26 21:35:12 INFO  OrderDaoJdbcImpl:49 - 1 rows were affected
